warning: profiles for the non root package will be ignored, specify profiles at the workspace root:
package:   /Users/drmac/RustroverProjects/khodpay-wallet/crates/flutter_bridge/Cargo.toml
workspace: /Users/drmac/RustroverProjects/khodpay-wallet/Cargo.toml
    Blocking waiting for file lock on package cache
    Blocking waiting for file lock on package cache
    Blocking waiting for file lock on package cache
    Blocking waiting for file lock on package cache
    Blocking waiting for file lock on shared package cache
    Blocking waiting for file lock on build directory
   Compiling cfg-if v1.0.3
   Compiling subtle v2.6.1
   Compiling const-oid v0.9.6
   Compiling libc v0.2.176
   Compiling typenum v1.19.0
   Compiling zerocopy v0.8.27
   Compiling generic-array v0.14.7
   Compiling serde_core v1.0.226
   Compiling bitcoin-internals v0.2.0
   Compiling memchr v2.7.6
   Compiling tinyvec_macros v0.1.1
   Compiling zeroize v1.8.2
   Compiling serde v1.0.226
   Compiling tinyvec v1.10.0
   Compiling hex-conservative v0.1.2
   Compiling thiserror v1.0.69
   Compiling der v0.7.10
   Compiling secp256k1-sys v0.10.1
   Compiling getrandom v0.2.16
   Compiling cpufeatures v0.2.17
   Compiling unicode-normalization v0.1.24
   Compiling rand_core v0.6.4
   Compiling crypto-common v0.1.6
   Compiling block-buffer v0.10.4
   Compiling ff v0.13.1
   Compiling bitcoin_hashes v0.13.0
   Compiling ppv-lite86 v0.2.21
   Compiling digest v0.10.7
   Compiling spki v0.7.3
   Compiling rand_chacha v0.3.1
   Compiling once_cell v1.21.3
   Compiling hmac v0.12.1
   Compiling sha2 v0.10.9
   Compiling rand v0.8.5
   Compiling pin-project-lite v0.2.16
   Compiling rustc-hex v2.1.0
   Compiling base16ct v0.2.0
   Compiling hex v0.4.3
   Compiling byteorder v1.5.0
   Compiling futures-sink v0.3.31
   Compiling futures-core v0.3.31
   Compiling parking_lot_core v0.9.12
   Compiling crunchy v0.2.4
   Compiling futures-channel v0.3.31
   Compiling object v0.37.3
   Compiling sec1 v0.7.3
   Compiling bip39 v2.2.0
   Compiling pkcs8 v0.10.2
   Compiling group v0.13.0
   Compiling crypto-bigint v0.5.5
   Compiling pin-utils v0.1.0
   Compiling smallvec v1.15.1
   Compiling futures-io v0.3.31
   Compiling scopeguard v1.2.0
   Compiling futures-task v0.3.31
   Compiling slab v0.4.11
   Compiling static_assertions v1.1.0
   Compiling bytes v1.11.0
   Compiling adler2 v2.0.1
   Compiling gimli v0.32.3
   Compiling anyhow v1.0.100
   Compiling elliptic-curve v0.13.8
   Compiling miniz_oxide v0.8.9
   Compiling futures-util v0.3.31
   Compiling lock_api v0.4.14
   Compiling rlp v0.5.2
   Compiling khodpay-bip39 v0.4.0 (/Users/drmac/RustroverProjects/khodpay-wallet/crates/bip39)
   Compiling secp256k1 v0.29.1
   Compiling bs58 v0.5.1
   Compiling addr2line v0.25.1
   Compiling rfc6979 v0.4.0
   Compiling ripemd v0.1.3
   Compiling signature v2.2.0
   Compiling hashbrown v0.14.5
   Compiling rustc-demangle v0.1.26
   Compiling portable-atomic v1.11.1
   Compiling dart-sys v4.1.5
   Compiling oslog v0.2.0
   Compiling khodpay-bip32 v0.2.0 (/Users/drmac/RustroverProjects/khodpay-wallet/crates/bip32)
   Compiling ecdsa v0.16.9
   Compiling futures-executor v0.3.31
   Compiling uint v0.9.5
   Compiling impl-rlp v0.3.0
   Compiling backtrace v0.3.76
   Compiling fixed-hash v0.8.0
   Compiling keccak v0.1.5
   Compiling num_cpus v1.17.0
   Compiling log v0.4.28
   Compiling dashmap v5.5.3
   Compiling atomic v0.5.3
   Compiling k256 v0.13.4
   Compiling allo-isolate v0.1.27
   Compiling sha3 v0.10.8
   Compiling khodpay-bip44 v0.1.0 (/Users/drmac/RustroverProjects/khodpay-wallet/crates/bip44)
   Compiling threadpool v1.8.1
   Compiling futures v0.3.31
   Compiling primitive-types v0.12.2
   Compiling flutter_rust_bridge v2.11.1
   Compiling tokio v1.48.0
   Compiling lazy_static v1.5.0
   Compiling khodpay-signing v0.1.0 (/Users/drmac/RustroverProjects/khodpay-wallet/crates/khodpay-signing)
   Compiling khodpay-flutter-bridge v0.1.0 (/Users/drmac/RustroverProjects/khodpay-wallet/crates/flutter_bridge)
warning: unexpected `cfg` condition name: `frb_expand`
  --> crates/flutter_bridge/src/bridge.rs:43:1
   |
43 | #[frb]
   | ^^^^^^
   |
   = help: expected names are: `docsrs`, `feature`, and `test` and 31 more
   = note: using a cfg inside a attribute macro will use the cfgs from the destination crate and not the ones from the defining crate
   = help: try referring to `frb` crate for guidance on how handle this unexpected cfg
   = help: the attribute macro `frb` may come from an old version of the `flutter_rust_bridge_macros` crate, try updating your dependency with `cargo update -p flutter_rust_bridge_macros`
   = note: see <https://doc.rust-lang.org/nightly/rustc/check-cfg/cargo-specifics.html> for more information about checking conditional configuration
   = note: `#[warn(unexpected_cfgs)]` on by default
   = note: this warning originates in the attribute macro `frb` (in Nightly builds, run with -Z macro-backtrace for more info)

warning: unexpected `cfg` condition name: `frb_expand`
  --> crates/flutter_bridge/src/bridge.rs:69:1
   |
69 | #[frb]
   | ^^^^^^
   |
   = note: using a cfg inside a attribute macro will use the cfgs from the destination crate and not the ones from the defining crate
   = help: try referring to `frb` crate for guidance on how handle this unexpected cfg
   = help: the attribute macro `frb` may come from an old version of the `flutter_rust_bridge_macros` crate, try updating your dependency with `cargo update -p flutter_rust_bridge_macros`
   = note: see <https://doc.rust-lang.org/nightly/rustc/check-cfg/cargo-specifics.html> for more information about checking conditional configuration
   = note: this warning originates in the attribute macro `frb` (in Nightly builds, run with -Z macro-backtrace for more info)

warning: unexpected `cfg` condition name: `frb_expand`
   --> crates/flutter_bridge/src/bridge.rs:102:1
    |
102 | #[frb]
    | ^^^^^^
    |
    = note: using a cfg inside a attribute macro will use the cfgs from the destination crate and not the ones from the defining crate
    = help: try referring to `frb` crate for guidance on how handle this unexpected cfg
    = help: the attribute macro `frb` may come from an old version of the `flutter_rust_bridge_macros` crate, try updating your dependency with `cargo update -p flutter_rust_bridge_macros`
    = note: see <https://doc.rust-lang.org/nightly/rustc/check-cfg/cargo-specifics.html> for more information about checking conditional configuration
    = note: this warning originates in the attribute macro `frb` (in Nightly builds, run with -Z macro-backtrace for more info)

warning: unexpected `cfg` condition name: `frb_expand`
   --> crates/flutter_bridge/src/bridge.rs:166:1
    |
166 | #[frb]
    | ^^^^^^
    |
    = note: using a cfg inside a attribute macro will use the cfgs from the destination crate and not the ones from the defining crate
    = help: try referring to `frb` crate for guidance on how handle this unexpected cfg
    = help: the attribute macro `frb` may come from an old version of the `flutter_rust_bridge_macros` crate, try updating your dependency with `cargo update -p flutter_rust_bridge_macros`
    = note: see <https://doc.rust-lang.org/nightly/rustc/check-cfg/cargo-specifics.html> for more information about checking conditional configuration
    = note: this warning originates in the attribute macro `frb` (in Nightly builds, run with -Z macro-backtrace for more info)

warning: unexpected `cfg` condition name: `frb_expand`
   --> crates/flutter_bridge/src/bridge.rs:193:1
    |
193 | #[frb]
    | ^^^^^^
    |
    = note: using a cfg inside a attribute macro will use the cfgs from the destination crate and not the ones from the defining crate
    = help: try referring to `frb` crate for guidance on how handle this unexpected cfg
    = help: the attribute macro `frb` may come from an old version of the `flutter_rust_bridge_macros` crate, try updating your dependency with `cargo update -p flutter_rust_bridge_macros`
    = note: see <https://doc.rust-lang.org/nightly/rustc/check-cfg/cargo-specifics.html> for more information about checking conditional configuration
    = note: this warning originates in the attribute macro `frb` (in Nightly builds, run with -Z macro-backtrace for more info)

warning: unexpected `cfg` condition name: `frb_expand`
   --> crates/flutter_bridge/src/bridge.rs:243:1
    |
243 | #[frb]
    | ^^^^^^
    |
    = note: using a cfg inside a attribute macro will use the cfgs from the destination crate and not the ones from the defining crate
    = help: try referring to `frb` crate for guidance on how handle this unexpected cfg
    = help: the attribute macro `frb` may come from an old version of the `flutter_rust_bridge_macros` crate, try updating your dependency with `cargo update -p flutter_rust_bridge_macros`
    = note: see <https://doc.rust-lang.org/nightly/rustc/check-cfg/cargo-specifics.html> for more information about checking conditional configuration
    = note: this warning originates in the attribute macro `frb` (in Nightly builds, run with -Z macro-backtrace for more info)

warning: unexpected `cfg` condition name: `frb_expand`
   --> crates/flutter_bridge/src/bridge.rs:250:1
    |
250 | #[frb]
    | ^^^^^^
    |
    = note: using a cfg inside a attribute macro will use the cfgs from the destination crate and not the ones from the defining crate
    = help: try referring to `frb` crate for guidance on how handle this unexpected cfg
    = help: the attribute macro `frb` may come from an old version of the `flutter_rust_bridge_macros` crate, try updating your dependency with `cargo update -p flutter_rust_bridge_macros`
    = note: see <https://doc.rust-lang.org/nightly/rustc/check-cfg/cargo-specifics.html> for more information about checking conditional configuration
    = note: this warning originates in the attribute macro `frb` (in Nightly builds, run with -Z macro-backtrace for more info)

warning: unexpected `cfg` condition name: `frb_expand`
   --> crates/flutter_bridge/src/bridge.rs:256:1
    |
256 | #[frb]
    | ^^^^^^
    |
    = note: using a cfg inside a attribute macro will use the cfgs from the destination crate and not the ones from the defining crate
    = help: try referring to `frb` crate for guidance on how handle this unexpected cfg
    = help: the attribute macro `frb` may come from an old version of the `flutter_rust_bridge_macros` crate, try updating your dependency with `cargo update -p flutter_rust_bridge_macros`
    = note: see <https://doc.rust-lang.org/nightly/rustc/check-cfg/cargo-specifics.html> for more information about checking conditional configuration
    = note: this warning originates in the attribute macro `frb` (in Nightly builds, run with -Z macro-backtrace for more info)

warning: unexpected `cfg` condition name: `frb_expand`
   --> crates/flutter_bridge/src/bridge.rs:263:1
    |
263 | #[frb]
    | ^^^^^^
    |
    = note: using a cfg inside a attribute macro will use the cfgs from the destination crate and not the ones from the defining crate
    = help: try referring to `frb` crate for guidance on how handle this unexpected cfg
    = help: the attribute macro `frb` may come from an old version of the `flutter_rust_bridge_macros` crate, try updating your dependency with `cargo update -p flutter_rust_bridge_macros`
    = note: see <https://doc.rust-lang.org/nightly/rustc/check-cfg/cargo-specifics.html> for more information about checking conditional configuration
    = note: this warning originates in the attribute macro `frb` (in Nightly builds, run with -Z macro-backtrace for more info)

warning: unexpected `cfg` condition name: `frb_expand`
   --> crates/flutter_bridge/src/bridge.rs:277:1
    |
277 | #[frb]
    | ^^^^^^
    |
    = note: using a cfg inside a attribute macro will use the cfgs from the destination crate and not the ones from the defining crate
    = help: try referring to `frb` crate for guidance on how handle this unexpected cfg
    = help: the attribute macro `frb` may come from an old version of the `flutter_rust_bridge_macros` crate, try updating your dependency with `cargo update -p flutter_rust_bridge_macros`
    = note: see <https://doc.rust-lang.org/nightly/rustc/check-cfg/cargo-specifics.html> for more information about checking conditional configuration
    = note: this warning originates in the attribute macro `frb` (in Nightly builds, run with -Z macro-backtrace for more info)

warning: unexpected `cfg` condition name: `frb_expand`
   --> crates/flutter_bridge/src/bridge.rs:282:1
    |
282 | #[frb]
    | ^^^^^^
    |
    = note: using a cfg inside a attribute macro will use the cfgs from the destination crate and not the ones from the defining crate
    = help: try referring to `frb` crate for guidance on how handle this unexpected cfg
    = help: the attribute macro `frb` may come from an old version of the `flutter_rust_bridge_macros` crate, try updating your dependency with `cargo update -p flutter_rust_bridge_macros`
    = note: see <https://doc.rust-lang.org/nightly/rustc/check-cfg/cargo-specifics.html> for more information about checking conditional configuration
    = note: this warning originates in the attribute macro `frb` (in Nightly builds, run with -Z macro-backtrace for more info)

warning: unexpected `cfg` condition name: `frb_expand`
   --> crates/flutter_bridge/src/bridge.rs:339:1
    |
339 | #[frb]
    | ^^^^^^
    |
    = note: using a cfg inside a attribute macro will use the cfgs from the destination crate and not the ones from the defining crate
    = help: try referring to `frb` crate for guidance on how handle this unexpected cfg
    = help: the attribute macro `frb` may come from an old version of the `flutter_rust_bridge_macros` crate, try updating your dependency with `cargo update -p flutter_rust_bridge_macros`
    = note: see <https://doc.rust-lang.org/nightly/rustc/check-cfg/cargo-specifics.html> for more information about checking conditional configuration
    = note: this warning originates in the attribute macro `frb` (in Nightly builds, run with -Z macro-backtrace for more info)

warning: unexpected `cfg` condition name: `frb_expand`
   --> crates/flutter_bridge/src/bridge.rs:344:1
    |
344 | #[frb]
    | ^^^^^^
    |
    = note: using a cfg inside a attribute macro will use the cfgs from the destination crate and not the ones from the defining crate
    = help: try referring to `frb` crate for guidance on how handle this unexpected cfg
    = help: the attribute macro `frb` may come from an old version of the `flutter_rust_bridge_macros` crate, try updating your dependency with `cargo update -p flutter_rust_bridge_macros`
    = note: see <https://doc.rust-lang.org/nightly/rustc/check-cfg/cargo-specifics.html> for more information about checking conditional configuration
    = note: this warning originates in the attribute macro `frb` (in Nightly builds, run with -Z macro-backtrace for more info)

warning: unexpected `cfg` condition name: `frb_expand`
   --> crates/flutter_bridge/src/bridge.rs:459:1
    |
459 | #[frb]
    | ^^^^^^
    |
    = note: using a cfg inside a attribute macro will use the cfgs from the destination crate and not the ones from the defining crate
    = help: try referring to `frb` crate for guidance on how handle this unexpected cfg
    = help: the attribute macro `frb` may come from an old version of the `flutter_rust_bridge_macros` crate, try updating your dependency with `cargo update -p flutter_rust_bridge_macros`
    = note: see <https://doc.rust-lang.org/nightly/rustc/check-cfg/cargo-specifics.html> for more information about checking conditional configuration
    = note: this warning originates in the attribute macro `frb` (in Nightly builds, run with -Z macro-backtrace for more info)

warning: unexpected `cfg` condition name: `frb_expand`
   --> crates/flutter_bridge/src/bridge.rs:464:1
    |
464 | #[frb]
    | ^^^^^^
    |
    = note: using a cfg inside a attribute macro will use the cfgs from the destination crate and not the ones from the defining crate
    = help: try referring to `frb` crate for guidance on how handle this unexpected cfg
    = help: the attribute macro `frb` may come from an old version of the `flutter_rust_bridge_macros` crate, try updating your dependency with `cargo update -p flutter_rust_bridge_macros`
    = note: see <https://doc.rust-lang.org/nightly/rustc/check-cfg/cargo-specifics.html> for more information about checking conditional configuration
    = note: this warning originates in the attribute macro `frb` (in Nightly builds, run with -Z macro-backtrace for more info)

warning: unexpected `cfg` condition name: `frb_expand`
   --> crates/flutter_bridge/src/bridge.rs:540:1
    |
540 | #[frb]
    | ^^^^^^
    |
    = note: using a cfg inside a attribute macro will use the cfgs from the destination crate and not the ones from the defining crate
    = help: try referring to `frb` crate for guidance on how handle this unexpected cfg
    = help: the attribute macro `frb` may come from an old version of the `flutter_rust_bridge_macros` crate, try updating your dependency with `cargo update -p flutter_rust_bridge_macros`
    = note: see <https://doc.rust-lang.org/nightly/rustc/check-cfg/cargo-specifics.html> for more information about checking conditional configuration
    = note: this warning originates in the attribute macro `frb` (in Nightly builds, run with -Z macro-backtrace for more info)

warning: unexpected `cfg` condition name: `frb_expand`
   --> crates/flutter_bridge/src/bridge.rs:545:1
    |
545 | #[frb]
    | ^^^^^^
    |
    = note: using a cfg inside a attribute macro will use the cfgs from the destination crate and not the ones from the defining crate
    = help: try referring to `frb` crate for guidance on how handle this unexpected cfg
    = help: the attribute macro `frb` may come from an old version of the `flutter_rust_bridge_macros` crate, try updating your dependency with `cargo update -p flutter_rust_bridge_macros`
    = note: see <https://doc.rust-lang.org/nightly/rustc/check-cfg/cargo-specifics.html> for more information about checking conditional configuration
    = note: this warning originates in the attribute macro `frb` (in Nightly builds, run with -Z macro-backtrace for more info)

warning: unexpected `cfg` condition name: `frb_expand`
   --> crates/flutter_bridge/src/bridge.rs:596:1
    |
596 | #[frb]
    | ^^^^^^
    |
    = note: using a cfg inside a attribute macro will use the cfgs from the destination crate and not the ones from the defining crate
    = help: try referring to `frb` crate for guidance on how handle this unexpected cfg
    = help: the attribute macro `frb` may come from an old version of the `flutter_rust_bridge_macros` crate, try updating your dependency with `cargo update -p flutter_rust_bridge_macros`
    = note: see <https://doc.rust-lang.org/nightly/rustc/check-cfg/cargo-specifics.html> for more information about checking conditional configuration
    = note: this warning originates in the attribute macro `frb` (in Nightly builds, run with -Z macro-backtrace for more info)

warning: unexpected `cfg` condition name: `frb_expand`
   --> crates/flutter_bridge/src/bridge.rs:601:1
    |
601 | #[frb]
    | ^^^^^^
    |
    = note: using a cfg inside a attribute macro will use the cfgs from the destination crate and not the ones from the defining crate
    = help: try referring to `frb` crate for guidance on how handle this unexpected cfg
    = help: the attribute macro `frb` may come from an old version of the `flutter_rust_bridge_macros` crate, try updating your dependency with `cargo update -p flutter_rust_bridge_macros`
    = note: see <https://doc.rust-lang.org/nightly/rustc/check-cfg/cargo-specifics.html> for more information about checking conditional configuration
    = note: this warning originates in the attribute macro `frb` (in Nightly builds, run with -Z macro-backtrace for more info)

warning: unexpected `cfg` condition name: `frb_expand`
   --> crates/flutter_bridge/src/bridge.rs:676:1
    |
676 | #[frb]
    | ^^^^^^
    |
    = note: using a cfg inside a attribute macro will use the cfgs from the destination crate and not the ones from the defining crate
    = help: try referring to `frb` crate for guidance on how handle this unexpected cfg
    = help: the attribute macro `frb` may come from an old version of the `flutter_rust_bridge_macros` crate, try updating your dependency with `cargo update -p flutter_rust_bridge_macros`
    = note: see <https://doc.rust-lang.org/nightly/rustc/check-cfg/cargo-specifics.html> for more information about checking conditional configuration
    = note: this warning originates in the attribute macro `frb` (in Nightly builds, run with -Z macro-backtrace for more info)

warning: unexpected `cfg` condition name: `frb_expand`
   --> crates/flutter_bridge/src/bridge.rs:681:1
    |
681 | #[frb]
    | ^^^^^^
    |
    = note: using a cfg inside a attribute macro will use the cfgs from the destination crate and not the ones from the defining crate
    = help: try referring to `frb` crate for guidance on how handle this unexpected cfg
    = help: the attribute macro `frb` may come from an old version of the `flutter_rust_bridge_macros` crate, try updating your dependency with `cargo update -p flutter_rust_bridge_macros`
    = note: see <https://doc.rust-lang.org/nightly/rustc/check-cfg/cargo-specifics.html> for more information about checking conditional configuration
    = note: this warning originates in the attribute macro `frb` (in Nightly builds, run with -Z macro-backtrace for more info)

warning: unexpected `cfg` condition name: `frb_expand`
   --> crates/flutter_bridge/src/bridge.rs:748:1
    |
748 | #[frb]
    | ^^^^^^
    |
    = note: using a cfg inside a attribute macro will use the cfgs from the destination crate and not the ones from the defining crate
    = help: try referring to `frb` crate for guidance on how handle this unexpected cfg
    = help: the attribute macro `frb` may come from an old version of the `flutter_rust_bridge_macros` crate, try updating your dependency with `cargo update -p flutter_rust_bridge_macros`
    = note: see <https://doc.rust-lang.org/nightly/rustc/check-cfg/cargo-specifics.html> for more information about checking conditional configuration
    = note: this warning originates in the attribute macro `frb` (in Nightly builds, run with -Z macro-backtrace for more info)

warning: unexpected `cfg` condition name: `frb_expand`
   --> crates/flutter_bridge/src/bridge.rs:754:1
    |
754 | #[frb]
    | ^^^^^^
    |
    = note: using a cfg inside a attribute macro will use the cfgs from the destination crate and not the ones from the defining crate
    = help: try referring to `frb` crate for guidance on how handle this unexpected cfg
    = help: the attribute macro `frb` may come from an old version of the `flutter_rust_bridge_macros` crate, try updating your dependency with `cargo update -p flutter_rust_bridge_macros`
    = note: see <https://doc.rust-lang.org/nightly/rustc/check-cfg/cargo-specifics.html> for more information about checking conditional configuration
    = note: this warning originates in the attribute macro `frb` (in Nightly builds, run with -Z macro-backtrace for more info)

warning: unexpected `cfg` condition name: `frb_expand`
   --> crates/flutter_bridge/src/bridge.rs:844:1
    |
844 | #[frb]
    | ^^^^^^
    |
    = note: using a cfg inside a attribute macro will use the cfgs from the destination crate and not the ones from the defining crate
    = help: try referring to `frb` crate for guidance on how handle this unexpected cfg
    = help: the attribute macro `frb` may come from an old version of the `flutter_rust_bridge_macros` crate, try updating your dependency with `cargo update -p flutter_rust_bridge_macros`
    = note: see <https://doc.rust-lang.org/nightly/rustc/check-cfg/cargo-specifics.html> for more information about checking conditional configuration
    = note: this warning originates in the attribute macro `frb` (in Nightly builds, run with -Z macro-backtrace for more info)

warning: unexpected `cfg` condition name: `frb_expand`
   --> crates/flutter_bridge/src/bridge.rs:855:1
    |
855 | #[frb]
    | ^^^^^^
    |
    = note: using a cfg inside a attribute macro will use the cfgs from the destination crate and not the ones from the defining crate
    = help: try referring to `frb` crate for guidance on how handle this unexpected cfg
    = help: the attribute macro `frb` may come from an old version of the `flutter_rust_bridge_macros` crate, try updating your dependency with `cargo update -p flutter_rust_bridge_macros`
    = note: see <https://doc.rust-lang.org/nightly/rustc/check-cfg/cargo-specifics.html> for more information about checking conditional configuration
    = note: this warning originates in the attribute macro `frb` (in Nightly builds, run with -Z macro-backtrace for more info)

warning: unexpected `cfg` condition name: `frb_expand`
   --> crates/flutter_bridge/src/bridge.rs:934:1
    |
934 | #[frb]
    | ^^^^^^
    |
    = note: using a cfg inside a attribute macro will use the cfgs from the destination crate and not the ones from the defining crate
    = help: try referring to `frb` crate for guidance on how handle this unexpected cfg
    = help: the attribute macro `frb` may come from an old version of the `flutter_rust_bridge_macros` crate, try updating your dependency with `cargo update -p flutter_rust_bridge_macros`
    = note: see <https://doc.rust-lang.org/nightly/rustc/check-cfg/cargo-specifics.html> for more information about checking conditional configuration
    = note: this warning originates in the attribute macro `frb` (in Nightly builds, run with -Z macro-backtrace for more info)

warning: unexpected `cfg` condition name: `frb_expand`
   --> crates/flutter_bridge/src/bridge.rs:955:1
    |
955 | #[frb]
    | ^^^^^^
    |
    = note: using a cfg inside a attribute macro will use the cfgs from the destination crate and not the ones from the defining crate
    = help: try referring to `frb` crate for guidance on how handle this unexpected cfg
    = help: the attribute macro `frb` may come from an old version of the `flutter_rust_bridge_macros` crate, try updating your dependency with `cargo update -p flutter_rust_bridge_macros`
    = note: see <https://doc.rust-lang.org/nightly/rustc/check-cfg/cargo-specifics.html> for more information about checking conditional configuration
    = note: this warning originates in the attribute macro `frb` (in Nightly builds, run with -Z macro-backtrace for more info)

warning: unexpected `cfg` condition name: `frb_expand`
    --> crates/flutter_bridge/src/bridge.rs:1033:1
     |
1033 | #[frb]
     | ^^^^^^
     |
     = note: using a cfg inside a attribute macro will use the cfgs from the destination crate and not the ones from the defining crate
     = help: try referring to `frb` crate for guidance on how handle this unexpected cfg
     = help: the attribute macro `frb` may come from an old version of the `flutter_rust_bridge_macros` crate, try updating your dependency with `cargo update -p flutter_rust_bridge_macros`
     = note: see <https://doc.rust-lang.org/nightly/rustc/check-cfg/cargo-specifics.html> for more information about checking conditional configuration
     = note: this warning originates in the attribute macro `frb` (in Nightly builds, run with -Z macro-backtrace for more info)

warning: unexpected `cfg` condition name: `frb_expand`
    --> crates/flutter_bridge/src/bridge.rs:1046:1
     |
1046 | #[frb]
     | ^^^^^^
     |
     = note: using a cfg inside a attribute macro will use the cfgs from the destination crate and not the ones from the defining crate
     = help: try referring to `frb` crate for guidance on how handle this unexpected cfg
     = help: the attribute macro `frb` may come from an old version of the `flutter_rust_bridge_macros` crate, try updating your dependency with `cargo update -p flutter_rust_bridge_macros`
     = note: see <https://doc.rust-lang.org/nightly/rustc/check-cfg/cargo-specifics.html> for more information about checking conditional configuration
     = note: this warning originates in the attribute macro `frb` (in Nightly builds, run with -Z macro-backtrace for more info)

warning: unexpected `cfg` condition name: `frb_expand`
    --> crates/flutter_bridge/src/bridge.rs:1094:1
     |
1094 | #[frb]
     | ^^^^^^
     |
     = note: using a cfg inside a attribute macro will use the cfgs from the destination crate and not the ones from the defining crate
     = help: try referring to `frb` crate for guidance on how handle this unexpected cfg
     = help: the attribute macro `frb` may come from an old version of the `flutter_rust_bridge_macros` crate, try updating your dependency with `cargo update -p flutter_rust_bridge_macros`
     = note: see <https://doc.rust-lang.org/nightly/rustc/check-cfg/cargo-specifics.html> for more information about checking conditional configuration
     = note: this warning originates in the attribute macro `frb` (in Nightly builds, run with -Z macro-backtrace for more info)

warning: unexpected `cfg` condition name: `frb_expand`
    --> crates/flutter_bridge/src/bridge.rs:1103:1
     |
1103 | #[frb]
     | ^^^^^^
     |
     = note: using a cfg inside a attribute macro will use the cfgs from the destination crate and not the ones from the defining crate
     = help: try referring to `frb` crate for guidance on how handle this unexpected cfg
     = help: the attribute macro `frb` may come from an old version of the `flutter_rust_bridge_macros` crate, try updating your dependency with `cargo update -p flutter_rust_bridge_macros`
     = note: see <https://doc.rust-lang.org/nightly/rustc/check-cfg/cargo-specifics.html> for more information about checking conditional configuration
     = note: this warning originates in the attribute macro `frb` (in Nightly builds, run with -Z macro-backtrace for more info)

warning: unexpected `cfg` condition name: `frb_expand`
    --> crates/flutter_bridge/src/bridge.rs:1150:1
     |
1150 | #[frb]
     | ^^^^^^
     |
     = note: using a cfg inside a attribute macro will use the cfgs from the destination crate and not the ones from the defining crate
     = help: try referring to `frb` crate for guidance on how handle this unexpected cfg
     = help: the attribute macro `frb` may come from an old version of the `flutter_rust_bridge_macros` crate, try updating your dependency with `cargo update -p flutter_rust_bridge_macros`
     = note: see <https://doc.rust-lang.org/nightly/rustc/check-cfg/cargo-specifics.html> for more information about checking conditional configuration
     = note: this warning originates in the attribute macro `frb` (in Nightly builds, run with -Z macro-backtrace for more info)

warning: unexpected `cfg` condition name: `frb_expand`
    --> crates/flutter_bridge/src/bridge.rs:1155:1
     |
1155 | #[frb]
     | ^^^^^^
     |
     = note: using a cfg inside a attribute macro will use the cfgs from the destination crate and not the ones from the defining crate
     = help: try referring to `frb` crate for guidance on how handle this unexpected cfg
     = help: the attribute macro `frb` may come from an old version of the `flutter_rust_bridge_macros` crate, try updating your dependency with `cargo update -p flutter_rust_bridge_macros`
     = note: see <https://doc.rust-lang.org/nightly/rustc/check-cfg/cargo-specifics.html> for more information about checking conditional configuration
     = note: this warning originates in the attribute macro `frb` (in Nightly builds, run with -Z macro-backtrace for more info)

warning: unexpected `cfg` condition name: `frb_expand`
    --> crates/flutter_bridge/src/bridge.rs:1233:1
     |
1233 | #[frb]
     | ^^^^^^
     |
     = note: using a cfg inside a attribute macro will use the cfgs from the destination crate and not the ones from the defining crate
     = help: try referring to `frb` crate for guidance on how handle this unexpected cfg
     = help: the attribute macro `frb` may come from an old version of the `flutter_rust_bridge_macros` crate, try updating your dependency with `cargo update -p flutter_rust_bridge_macros`
     = note: see <https://doc.rust-lang.org/nightly/rustc/check-cfg/cargo-specifics.html> for more information about checking conditional configuration
     = note: this warning originates in the attribute macro `frb` (in Nightly builds, run with -Z macro-backtrace for more info)

warning: unexpected `cfg` condition name: `frb_expand`
    --> crates/flutter_bridge/src/bridge.rs:1242:1
     |
1242 | #[frb]
     | ^^^^^^
     |
     = note: using a cfg inside a attribute macro will use the cfgs from the destination crate and not the ones from the defining crate
     = help: try referring to `frb` crate for guidance on how handle this unexpected cfg
     = help: the attribute macro `frb` may come from an old version of the `flutter_rust_bridge_macros` crate, try updating your dependency with `cargo update -p flutter_rust_bridge_macros`
     = note: see <https://doc.rust-lang.org/nightly/rustc/check-cfg/cargo-specifics.html> for more information about checking conditional configuration
     = note: this warning originates in the attribute macro `frb` (in Nightly builds, run with -Z macro-backtrace for more info)

warning: unexpected `cfg` condition name: `frb_expand`
    --> crates/flutter_bridge/src/bridge.rs:1262:1
     |
1262 | #[frb]
     | ^^^^^^
     |
     = note: using a cfg inside a attribute macro will use the cfgs from the destination crate and not the ones from the defining crate
     = help: try referring to `frb` crate for guidance on how handle this unexpected cfg
     = help: the attribute macro `frb` may come from an old version of the `flutter_rust_bridge_macros` crate, try updating your dependency with `cargo update -p flutter_rust_bridge_macros`
     = note: see <https://doc.rust-lang.org/nightly/rustc/check-cfg/cargo-specifics.html> for more information about checking conditional configuration
     = note: this warning originates in the attribute macro `frb` (in Nightly builds, run with -Z macro-backtrace for more info)

warning: unexpected `cfg` condition name: `frb_expand`
    --> crates/flutter_bridge/src/bridge.rs:1282:1
     |
1282 | #[frb]
     | ^^^^^^
     |
     = note: using a cfg inside a attribute macro will use the cfgs from the destination crate and not the ones from the defining crate
     = help: try referring to `frb` crate for guidance on how handle this unexpected cfg
     = help: the attribute macro `frb` may come from an old version of the `flutter_rust_bridge_macros` crate, try updating your dependency with `cargo update -p flutter_rust_bridge_macros`
     = note: see <https://doc.rust-lang.org/nightly/rustc/check-cfg/cargo-specifics.html> for more information about checking conditional configuration
     = note: this warning originates in the attribute macro `frb` (in Nightly builds, run with -Z macro-backtrace for more info)

warning: unexpected `cfg` condition name: `frb_expand`
    --> crates/flutter_bridge/src/bridge.rs:1290:1
     |
1290 | #[frb]
     | ^^^^^^
     |
     = note: using a cfg inside a attribute macro will use the cfgs from the destination crate and not the ones from the defining crate
     = help: try referring to `frb` crate for guidance on how handle this unexpected cfg
     = help: the attribute macro `frb` may come from an old version of the `flutter_rust_bridge_macros` crate, try updating your dependency with `cargo update -p flutter_rust_bridge_macros`
     = note: see <https://doc.rust-lang.org/nightly/rustc/check-cfg/cargo-specifics.html> for more information about checking conditional configuration
     = note: this warning originates in the attribute macro `frb` (in Nightly builds, run with -Z macro-backtrace for more info)

warning: unexpected `cfg` condition name: `frb_expand`
    --> crates/flutter_bridge/src/bridge.rs:1296:1
     |
1296 | #[frb(name = "mnemonicPhraseToSeedHex")]
     | ^^^^^^^^^^^^^^^^^^^^^^^^^^^^^^^^^^^^^^^^
     |
     = note: using a cfg inside a attribute macro will use the cfgs from the destination crate and not the ones from the defining crate
     = help: try referring to `frb` crate for guidance on how handle this unexpected cfg
     = help: the attribute macro `frb` may come from an old version of the `flutter_rust_bridge_macros` crate, try updating your dependency with `cargo update -p flutter_rust_bridge_macros`
     = note: see <https://doc.rust-lang.org/nightly/rustc/check-cfg/cargo-specifics.html> for more information about checking conditional configuration
     = note: this warning originates in the attribute macro `frb` (in Nightly builds, run with -Z macro-backtrace for more info)

warning: unexpected `cfg` condition name: `frb_expand`
    --> crates/flutter_bridge/src/bridge.rs:1307:1
     |
1307 | #[frb]
     | ^^^^^^
     |
     = note: using a cfg inside a attribute macro will use the cfgs from the destination crate and not the ones from the defining crate
     = help: try referring to `frb` crate for guidance on how handle this unexpected cfg
     = help: the attribute macro `frb` may come from an old version of the `flutter_rust_bridge_macros` crate, try updating your dependency with `cargo update -p flutter_rust_bridge_macros`
     = note: see <https://doc.rust-lang.org/nightly/rustc/check-cfg/cargo-specifics.html> for more information about checking conditional configuration
     = note: this warning originates in the attribute macro `frb` (in Nightly builds, run with -Z macro-backtrace for more info)

warning: unexpected `cfg` condition name: `frb_expand`
    --> crates/flutter_bridge/src/bridge.rs:1327:1
     |
1327 | #[frb]
     | ^^^^^^
     |
     = note: using a cfg inside a attribute macro will use the cfgs from the destination crate and not the ones from the defining crate
     = help: try referring to `frb` crate for guidance on how handle this unexpected cfg
     = help: the attribute macro `frb` may come from an old version of the `flutter_rust_bridge_macros` crate, try updating your dependency with `cargo update -p flutter_rust_bridge_macros`
     = note: see <https://doc.rust-lang.org/nightly/rustc/check-cfg/cargo-specifics.html> for more information about checking conditional configuration
     = note: this warning originates in the attribute macro `frb` (in Nightly builds, run with -Z macro-backtrace for more info)

warning: unexpected `cfg` condition name: `frb_expand`
    --> crates/flutter_bridge/src/bridge.rs:1346:1
     |
1346 | #[frb]
     | ^^^^^^
     |
     = note: using a cfg inside a attribute macro will use the cfgs from the destination crate and not the ones from the defining crate
     = help: try referring to `frb` crate for guidance on how handle this unexpected cfg
     = help: the attribute macro `frb` may come from an old version of the `flutter_rust_bridge_macros` crate, try updating your dependency with `cargo update -p flutter_rust_bridge_macros`
     = note: see <https://doc.rust-lang.org/nightly/rustc/check-cfg/cargo-specifics.html> for more information about checking conditional configuration
     = note: this warning originates in the attribute macro `frb` (in Nightly builds, run with -Z macro-backtrace for more info)

warning: unexpected `cfg` condition name: `frb_expand`
    --> crates/flutter_bridge/src/bridge.rs:1356:1
     |
1356 | #[frb]
     | ^^^^^^
     |
     = note: using a cfg inside a attribute macro will use the cfgs from the destination crate and not the ones from the defining crate
     = help: try referring to `frb` crate for guidance on how handle this unexpected cfg
     = help: the attribute macro `frb` may come from an old version of the `flutter_rust_bridge_macros` crate, try updating your dependency with `cargo update -p flutter_rust_bridge_macros`
     = note: see <https://doc.rust-lang.org/nightly/rustc/check-cfg/cargo-specifics.html> for more information about checking conditional configuration
     = note: this warning originates in the attribute macro `frb` (in Nightly builds, run with -Z macro-backtrace for more info)

warning: unexpected `cfg` condition name: `frb_expand`
    --> crates/flutter_bridge/src/bridge.rs:1379:1
     |
1379 | #[frb]
     | ^^^^^^
     |
     = note: using a cfg inside a attribute macro will use the cfgs from the destination crate and not the ones from the defining crate
     = help: try referring to `frb` crate for guidance on how handle this unexpected cfg
     = help: the attribute macro `frb` may come from an old version of the `flutter_rust_bridge_macros` crate, try updating your dependency with `cargo update -p flutter_rust_bridge_macros`
     = note: see <https://doc.rust-lang.org/nightly/rustc/check-cfg/cargo-specifics.html> for more information about checking conditional configuration
     = note: this warning originates in the attribute macro `frb` (in Nightly builds, run with -Z macro-backtrace for more info)

warning: unexpected `cfg` condition name: `frb_expand`
    --> crates/flutter_bridge/src/bridge.rs:1418:1
     |
1418 | #[frb]
     | ^^^^^^
     |
     = note: using a cfg inside a attribute macro will use the cfgs from the destination crate and not the ones from the defining crate
     = help: try referring to `frb` crate for guidance on how handle this unexpected cfg
     = help: the attribute macro `frb` may come from an old version of the `flutter_rust_bridge_macros` crate, try updating your dependency with `cargo update -p flutter_rust_bridge_macros`
     = note: see <https://doc.rust-lang.org/nightly/rustc/check-cfg/cargo-specifics.html> for more information about checking conditional configuration
     = note: this warning originates in the attribute macro `frb` (in Nightly builds, run with -Z macro-backtrace for more info)

warning: unexpected `cfg` condition name: `frb_expand`
    --> crates/flutter_bridge/src/bridge.rs:1442:1
     |
1442 | #[frb]
     | ^^^^^^
     |
     = note: using a cfg inside a attribute macro will use the cfgs from the destination crate and not the ones from the defining crate
     = help: try referring to `frb` crate for guidance on how handle this unexpected cfg
     = help: the attribute macro `frb` may come from an old version of the `flutter_rust_bridge_macros` crate, try updating your dependency with `cargo update -p flutter_rust_bridge_macros`
     = note: see <https://doc.rust-lang.org/nightly/rustc/check-cfg/cargo-specifics.html> for more information about checking conditional configuration
     = note: this warning originates in the attribute macro `frb` (in Nightly builds, run with -Z macro-backtrace for more info)

warning: unexpected `cfg` condition name: `frb_expand`
    --> crates/flutter_bridge/src/bridge.rs:1468:1
     |
1468 | #[frb]
     | ^^^^^^
     |
     = note: using a cfg inside a attribute macro will use the cfgs from the destination crate and not the ones from the defining crate
     = help: try referring to `frb` crate for guidance on how handle this unexpected cfg
     = help: the attribute macro `frb` may come from an old version of the `flutter_rust_bridge_macros` crate, try updating your dependency with `cargo update -p flutter_rust_bridge_macros`
     = note: see <https://doc.rust-lang.org/nightly/rustc/check-cfg/cargo-specifics.html> for more information about checking conditional configuration
     = note: this warning originates in the attribute macro `frb` (in Nightly builds, run with -Z macro-backtrace for more info)

warning: unexpected `cfg` condition name: `frb_expand`
    --> crates/flutter_bridge/src/bridge.rs:1494:1
     |
1494 | #[frb]
     | ^^^^^^
     |
     = note: using a cfg inside a attribute macro will use the cfgs from the destination crate and not the ones from the defining crate
     = help: try referring to `frb` crate for guidance on how handle this unexpected cfg
     = help: the attribute macro `frb` may come from an old version of the `flutter_rust_bridge_macros` crate, try updating your dependency with `cargo update -p flutter_rust_bridge_macros`
     = note: see <https://doc.rust-lang.org/nightly/rustc/check-cfg/cargo-specifics.html> for more information about checking conditional configuration
     = note: this warning originates in the attribute macro `frb` (in Nightly builds, run with -Z macro-backtrace for more info)

warning: unexpected `cfg` condition name: `frb_expand`
    --> crates/flutter_bridge/src/bridge.rs:1513:1
     |
1513 | #[frb]
     | ^^^^^^
     |
     = note: using a cfg inside a attribute macro will use the cfgs from the destination crate and not the ones from the defining crate
     = help: try referring to `frb` crate for guidance on how handle this unexpected cfg
     = help: the attribute macro `frb` may come from an old version of the `flutter_rust_bridge_macros` crate, try updating your dependency with `cargo update -p flutter_rust_bridge_macros`
     = note: see <https://doc.rust-lang.org/nightly/rustc/check-cfg/cargo-specifics.html> for more information about checking conditional configuration
     = note: this warning originates in the attribute macro `frb` (in Nightly builds, run with -Z macro-backtrace for more info)

warning: unexpected `cfg` condition name: `frb_expand`
    --> crates/flutter_bridge/src/bridge.rs:1536:1
     |
1536 | #[frb]
     | ^^^^^^
     |
     = note: using a cfg inside a attribute macro will use the cfgs from the destination crate and not the ones from the defining crate
     = help: try referring to `frb` crate for guidance on how handle this unexpected cfg
     = help: the attribute macro `frb` may come from an old version of the `flutter_rust_bridge_macros` crate, try updating your dependency with `cargo update -p flutter_rust_bridge_macros`
     = note: see <https://doc.rust-lang.org/nightly/rustc/check-cfg/cargo-specifics.html> for more information about checking conditional configuration
     = note: this warning originates in the attribute macro `frb` (in Nightly builds, run with -Z macro-backtrace for more info)

warning: unexpected `cfg` condition name: `frb_expand`
    --> crates/flutter_bridge/src/bridge.rs:1542:1
     |
1542 | #[frb]
     | ^^^^^^
     |
     = note: using a cfg inside a attribute macro will use the cfgs from the destination crate and not the ones from the defining crate
     = help: try referring to `frb` crate for guidance on how handle this unexpected cfg
     = help: the attribute macro `frb` may come from an old version of the `flutter_rust_bridge_macros` crate, try updating your dependency with `cargo update -p flutter_rust_bridge_macros`
     = note: see <https://doc.rust-lang.org/nightly/rustc/check-cfg/cargo-specifics.html> for more information about checking conditional configuration
     = note: this warning originates in the attribute macro `frb` (in Nightly builds, run with -Z macro-backtrace for more info)

warning: unexpected `cfg` condition name: `frb_expand`
    --> crates/flutter_bridge/src/bridge.rs:1548:1
     |
1548 | #[frb]
     | ^^^^^^
     |
     = note: using a cfg inside a attribute macro will use the cfgs from the destination crate and not the ones from the defining crate
     = help: try referring to `frb` crate for guidance on how handle this unexpected cfg
     = help: the attribute macro `frb` may come from an old version of the `flutter_rust_bridge_macros` crate, try updating your dependency with `cargo update -p flutter_rust_bridge_macros`
     = note: see <https://doc.rust-lang.org/nightly/rustc/check-cfg/cargo-specifics.html> for more information about checking conditional configuration
     = note: this warning originates in the attribute macro `frb` (in Nightly builds, run with -Z macro-backtrace for more info)

warning: unexpected `cfg` condition name: `frb_expand`
    --> crates/flutter_bridge/src/bridge.rs:1554:1
     |
1554 | #[frb]
     | ^^^^^^
     |
     = note: using a cfg inside a attribute macro will use the cfgs from the destination crate and not the ones from the defining crate
     = help: try referring to `frb` crate for guidance on how handle this unexpected cfg
     = help: the attribute macro `frb` may come from an old version of the `flutter_rust_bridge_macros` crate, try updating your dependency with `cargo update -p flutter_rust_bridge_macros`
     = note: see <https://doc.rust-lang.org/nightly/rustc/check-cfg/cargo-specifics.html> for more information about checking conditional configuration
     = note: this warning originates in the attribute macro `frb` (in Nightly builds, run with -Z macro-backtrace for more info)

warning: unexpected `cfg` condition name: `frb_expand`
    --> crates/flutter_bridge/src/bridge.rs:1560:1
     |
1560 | #[frb]
     | ^^^^^^
     |
     = note: using a cfg inside a attribute macro will use the cfgs from the destination crate and not the ones from the defining crate
     = help: try referring to `frb` crate for guidance on how handle this unexpected cfg
     = help: the attribute macro `frb` may come from an old version of the `flutter_rust_bridge_macros` crate, try updating your dependency with `cargo update -p flutter_rust_bridge_macros`
     = note: see <https://doc.rust-lang.org/nightly/rustc/check-cfg/cargo-specifics.html> for more information about checking conditional configuration
     = note: this warning originates in the attribute macro `frb` (in Nightly builds, run with -Z macro-backtrace for more info)

warning: unexpected `cfg` condition name: `frb_expand`
    --> crates/flutter_bridge/src/bridge.rs:1566:1
     |
1566 | #[frb]
     | ^^^^^^
     |
     = note: using a cfg inside a attribute macro will use the cfgs from the destination crate and not the ones from the defining crate
     = help: try referring to `frb` crate for guidance on how handle this unexpected cfg
     = help: the attribute macro `frb` may come from an old version of the `flutter_rust_bridge_macros` crate, try updating your dependency with `cargo update -p flutter_rust_bridge_macros`
     = note: see <https://doc.rust-lang.org/nightly/rustc/check-cfg/cargo-specifics.html> for more information about checking conditional configuration
     = note: this warning originates in the attribute macro `frb` (in Nightly builds, run with -Z macro-backtrace for more info)

warning: unexpected `cfg` condition name: `frb_expand`
    --> crates/flutter_bridge/src/bridge.rs:1572:1
     |
1572 | #[frb]
     | ^^^^^^
     |
     = note: using a cfg inside a attribute macro will use the cfgs from the destination crate and not the ones from the defining crate
     = help: try referring to `frb` crate for guidance on how handle this unexpected cfg
     = help: the attribute macro `frb` may come from an old version of the `flutter_rust_bridge_macros` crate, try updating your dependency with `cargo update -p flutter_rust_bridge_macros`
     = note: see <https://doc.rust-lang.org/nightly/rustc/check-cfg/cargo-specifics.html> for more information about checking conditional configuration
     = note: this warning originates in the attribute macro `frb` (in Nightly builds, run with -Z macro-backtrace for more info)

warning: unexpected `cfg` condition name: `frb_expand`
    --> crates/flutter_bridge/src/bridge.rs:1580:1
     |
1580 | #[frb]
     | ^^^^^^
     |
     = note: using a cfg inside a attribute macro will use the cfgs from the destination crate and not the ones from the defining crate
     = help: try referring to `frb` crate for guidance on how handle this unexpected cfg
     = help: the attribute macro `frb` may come from an old version of the `flutter_rust_bridge_macros` crate, try updating your dependency with `cargo update -p flutter_rust_bridge_macros`
     = note: see <https://doc.rust-lang.org/nightly/rustc/check-cfg/cargo-specifics.html> for more information about checking conditional configuration
     = note: this warning originates in the attribute macro `frb` (in Nightly builds, run with -Z macro-backtrace for more info)

warning: unexpected `cfg` condition name: `frb_expand`
    --> crates/flutter_bridge/src/bridge.rs:1586:1
     |
1586 | #[frb]
     | ^^^^^^
     |
     = note: using a cfg inside a attribute macro will use the cfgs from the destination crate and not the ones from the defining crate
     = help: try referring to `frb` crate for guidance on how handle this unexpected cfg
     = help: the attribute macro `frb` may come from an old version of the `flutter_rust_bridge_macros` crate, try updating your dependency with `cargo update -p flutter_rust_bridge_macros`
     = note: see <https://doc.rust-lang.org/nightly/rustc/check-cfg/cargo-specifics.html> for more information about checking conditional configuration
     = note: this warning originates in the attribute macro `frb` (in Nightly builds, run with -Z macro-backtrace for more info)

warning: unexpected `cfg` condition name: `frb_expand`
    --> crates/flutter_bridge/src/bridge.rs:1593:1
     |
1593 | #[frb]
     | ^^^^^^
     |
     = note: using a cfg inside a attribute macro will use the cfgs from the destination crate and not the ones from the defining crate
     = help: try referring to `frb` crate for guidance on how handle this unexpected cfg
     = help: the attribute macro `frb` may come from an old version of the `flutter_rust_bridge_macros` crate, try updating your dependency with `cargo update -p flutter_rust_bridge_macros`
     = note: see <https://doc.rust-lang.org/nightly/rustc/check-cfg/cargo-specifics.html> for more information about checking conditional configuration
     = note: this warning originates in the attribute macro `frb` (in Nightly builds, run with -Z macro-backtrace for more info)

warning: unexpected `cfg` condition name: `frb_expand`
    --> crates/flutter_bridge/src/bridge.rs:1600:1
     |
1600 | #[frb]
     | ^^^^^^
     |
     = note: using a cfg inside a attribute macro will use the cfgs from the destination crate and not the ones from the defining crate
     = help: try referring to `frb` crate for guidance on how handle this unexpected cfg
     = help: the attribute macro `frb` may come from an old version of the `flutter_rust_bridge_macros` crate, try updating your dependency with `cargo update -p flutter_rust_bridge_macros`
     = note: see <https://doc.rust-lang.org/nightly/rustc/check-cfg/cargo-specifics.html> for more information about checking conditional configuration
     = note: this warning originates in the attribute macro `frb` (in Nightly builds, run with -Z macro-backtrace for more info)

warning: unexpected `cfg` condition name: `frb_expand`
    --> crates/flutter_bridge/src/bridge.rs:1607:1
     |
1607 | #[frb]
     | ^^^^^^
     |
     = note: using a cfg inside a attribute macro will use the cfgs from the destination crate and not the ones from the defining crate
     = help: try referring to `frb` crate for guidance on how handle this unexpected cfg
     = help: the attribute macro `frb` may come from an old version of the `flutter_rust_bridge_macros` crate, try updating your dependency with `cargo update -p flutter_rust_bridge_macros`
     = note: see <https://doc.rust-lang.org/nightly/rustc/check-cfg/cargo-specifics.html> for more information about checking conditional configuration
     = note: this warning originates in the attribute macro `frb` (in Nightly builds, run with -Z macro-backtrace for more info)

warning: unexpected `cfg` condition name: `frb_expand`
    --> crates/flutter_bridge/src/bridge.rs:1635:1
     |
1635 | #[frb]
     | ^^^^^^
     |
     = note: using a cfg inside a attribute macro will use the cfgs from the destination crate and not the ones from the defining crate
     = help: try referring to `frb` crate for guidance on how handle this unexpected cfg
     = help: the attribute macro `frb` may come from an old version of the `flutter_rust_bridge_macros` crate, try updating your dependency with `cargo update -p flutter_rust_bridge_macros`
     = note: see <https://doc.rust-lang.org/nightly/rustc/check-cfg/cargo-specifics.html> for more information about checking conditional configuration
     = note: this warning originates in the attribute macro `frb` (in Nightly builds, run with -Z macro-backtrace for more info)

warning: unexpected `cfg` condition name: `frb_expand`
    --> crates/flutter_bridge/src/bridge.rs:1706:1
     |
1706 | #[frb]
     | ^^^^^^
     |
     = note: using a cfg inside a attribute macro will use the cfgs from the destination crate and not the ones from the defining crate
     = help: try referring to `frb` crate for guidance on how handle this unexpected cfg
     = help: the attribute macro `frb` may come from an old version of the `flutter_rust_bridge_macros` crate, try updating your dependency with `cargo update -p flutter_rust_bridge_macros`
     = note: see <https://doc.rust-lang.org/nightly/rustc/check-cfg/cargo-specifics.html> for more information about checking conditional configuration
     = note: this warning originates in the attribute macro `frb` (in Nightly builds, run with -Z macro-backtrace for more info)

warning: unexpected `cfg` condition name: `frb_expand`
    --> crates/flutter_bridge/src/bridge.rs:1739:1
     |
1739 | #[frb]
     | ^^^^^^
     |
     = note: using a cfg inside a attribute macro will use the cfgs from the destination crate and not the ones from the defining crate
     = help: try referring to `frb` crate for guidance on how handle this unexpected cfg
     = help: the attribute macro `frb` may come from an old version of the `flutter_rust_bridge_macros` crate, try updating your dependency with `cargo update -p flutter_rust_bridge_macros`
     = note: see <https://doc.rust-lang.org/nightly/rustc/check-cfg/cargo-specifics.html> for more information about checking conditional configuration
     = note: this warning originates in the attribute macro `frb` (in Nightly builds, run with -Z macro-backtrace for more info)

warning: unexpected `cfg` condition name: `frb_expand`
    --> crates/flutter_bridge/src/bridge.rs:1768:1
     |
1768 | #[frb]
     | ^^^^^^
     |
     = note: using a cfg inside a attribute macro will use the cfgs from the destination crate and not the ones from the defining crate
     = help: try referring to `frb` crate for guidance on how handle this unexpected cfg
     = help: the attribute macro `frb` may come from an old version of the `flutter_rust_bridge_macros` crate, try updating your dependency with `cargo update -p flutter_rust_bridge_macros`
     = note: see <https://doc.rust-lang.org/nightly/rustc/check-cfg/cargo-specifics.html> for more information about checking conditional configuration
     = note: this warning originates in the attribute macro `frb` (in Nightly builds, run with -Z macro-backtrace for more info)

warning: unexpected `cfg` condition name: `frb_expand`
    --> crates/flutter_bridge/src/bridge.rs:1792:1
     |
1792 | #[frb]
     | ^^^^^^
     |
     = note: using a cfg inside a attribute macro will use the cfgs from the destination crate and not the ones from the defining crate
     = help: try referring to `frb` crate for guidance on how handle this unexpected cfg
     = help: the attribute macro `frb` may come from an old version of the `flutter_rust_bridge_macros` crate, try updating your dependency with `cargo update -p flutter_rust_bridge_macros`
     = note: see <https://doc.rust-lang.org/nightly/rustc/check-cfg/cargo-specifics.html> for more information about checking conditional configuration
     = note: this warning originates in the attribute macro `frb` (in Nightly builds, run with -Z macro-backtrace for more info)

warning: unexpected `cfg` condition name: `frb_expand`
    --> crates/flutter_bridge/src/bridge.rs:1798:1
     |
1798 | #[frb]
     | ^^^^^^
     |
     = note: using a cfg inside a attribute macro will use the cfgs from the destination crate and not the ones from the defining crate
     = help: try referring to `frb` crate for guidance on how handle this unexpected cfg
     = help: the attribute macro `frb` may come from an old version of the `flutter_rust_bridge_macros` crate, try updating your dependency with `cargo update -p flutter_rust_bridge_macros`
     = note: see <https://doc.rust-lang.org/nightly/rustc/check-cfg/cargo-specifics.html> for more information about checking conditional configuration
     = note: this warning originates in the attribute macro `frb` (in Nightly builds, run with -Z macro-backtrace for more info)

warning: `khodpay-flutter-bridge` (lib) generated 67 warnings
    Finished `release` profile [optimized] target(s) in 13m 22s
